# JRE version: Java(TM) SE Runtime Environment (8.0_191-b12) (build 1.8.0_191-b12)
# Java VM: Java HotSpot(TM) 64-Bit Server VM (25.191-b12 mixed mode linux-amd64 compressed oops)
Heap:
 PSYoungGen      total 760320K, used 452K [0x000000076d100000, 0x00000007b7980000, 0x00000007c0000000)
  eden space 307712K, 0% used [0x000000076d100000,0x000000076d100000,0x000000077fd80000)
  from space 452608K, 0% used [0x000000079b780000,0x000000079b7f12f0,0x00000007b7180000)
  to   space 452608K, 0% used [0x000000077fd80000,0x000000077fd80000,0x000000079b780000)
 ParOldGen       total 2000896K, used 2000491K [0x00000006c7200000, 0x0000000741400000, 0x000000076d100000)
  object space 2000896K, 99% used [0x00000006c7200000,0x000000074139aca0,0x0000000741400000)
 Metaspace       used 13178K, capacity 13582K, committed 13696K, reserved 1060864K
  class space    used 1484K, capacity 1625K, committed 1664K, reserved 1048576K
GC Heap History (10 events):
Event: 22.301 GC heap after
Heap after GC invocations=28 (full 6):
 PSYoungGen      total 704512K, used 0K [0x000000076d100000, 0x00000007b4180000, 0x00000007c0000000)
  eden space 258560K, 0% used [0x000000076d100000,0x000000076d100000,0x000000077cd80000)
  from space 445952K, 0% used [0x0000000798e00000,0x0000000798e00000,0x00000007b4180000)
  to   space 452608K, 0% used [0x000000077cd80000,0x000000077cd80000,0x0000000798780000)
 ParOldGen       total 2000896K, used 1238454K [0x00000006c7200000, 0x0000000741400000, 0x000000076d100000)
  object space 2000896K, 61% used [0x00000006c7200000,0x0000000712b6db78,0x0000000741400000)
 Metaspace       used 13175K, capacity 13582K, committed 13696K, reserved 1060864K
  class space    used 1484K, capacity 1625K, committed 1664K, reserved 1048576K
}
Event: 23.384 GC heap before
{Heap before GC invocations=29 (full 6):
 PSYoungGen      total 704512K, used 258560K [0x000000076d100000, 0x00000007b4180000, 0x00000007c0000000)
  eden space 258560K, 100% used [0x000000076d100000,0x000000077cd80000,0x000000077cd80000)
  from space 445952K, 0% used [0x0000000798e00000,0x0000000798e00000,0x00000007b4180000)
  to   space 452608K, 0% used [0x000000077cd80000,0x000000077cd80000,0x0000000798780000)
 ParOldGen       total 2000896K, used 1238454K [0x00000006c7200000, 0x0000000741400000, 0x000000076d100000)
  object space 2000896K, 61% used [0x00000006c7200000,0x0000000712b6db78,0x0000000741400000)
 Metaspace       used 13175K, capacity 13582K, committed 13696K, reserved 1060864K
  class space    used 1484K, capacity 1625K, committed 1664K, reserved 1048576K
Event: 23.520 GC heap after
Heap after GC invocations=29 (full 6):
 PSYoungGen      total 711168K, used 183741K [0x000000076d100000, 0x00000007b5980000, 0x00000007c0000000)
  eden space 258560K, 0% used [0x000000076d100000,0x000000076d100000,0x000000077cd80000)
  from space 452608K, 40% used [0x000000077cd80000,0x00000007880ef568,0x0000000798780000)
  to   space 452608K, 0% used [0x0000000799f80000,0x0000000799f80000,0x00000007b5980000)
 ParOldGen       total 2000896K, used 1238454K [0x00000006c7200000, 0x0000000741400000, 0x000000076d100000)
  object space 2000896K, 61% used [0x00000006c7200000,0x0000000712b6db78,0x0000000741400000)
 Metaspace       used 13175K, capacity 13582K, committed 13696K, reserved 1060864K
  class space    used 1484K, capacity 1625K, committed 1664K, reserved 1048576K
}
Event: 24.794 GC heap before
{Heap before GC invocations=30 (full 6):
 PSYoungGen      total 711168K, used 442301K [0x000000076d100000, 0x00000007b5980000, 0x00000007c0000000)
  eden space 258560K, 100% used [0x000000076d100000,0x000000077cd80000,0x000000077cd80000)
  from space 452608K, 40% used [0x000000077cd80000,0x00000007880ef568,0x0000000798780000)
  to   space 452608K, 0% used [0x0000000799f80000,0x0000000799f80000,0x00000007b5980000)
 ParOldGen       total 2000896K, used 1238454K [0x00000006c7200000, 0x0000000741400000, 0x000000076d100000)
  object space 2000896K, 61% used [0x00000006c7200000,0x0000000712b6db78,0x0000000741400000)
 Metaspace       used 13177K, capacity 13582K, committed 13696K, reserved 1060864K
  class space    used 1484K, capacity 1625K, committed 1664K, reserved 1048576K
Event: 25.160 GC heap after
Heap after GC invocations=30 (full 6):
 PSYoungGen      total 726528K, used 181856K [0x000000076d100000, 0x00000007b4e80000, 0x00000007c0000000)
  eden space 285184K, 0% used [0x000000076d100000,0x000000076d100000,0x000000077e780000)
  from space 441344K, 41% used [0x0000000799f80000,0x00000007a5118000,0x00000007b4e80000)
  to   space 445952K, 0% used [0x000000077e780000,0x000000077e780000,0x0000000799b00000)
 ParOldGen       total 2000896K, used 1422844K [0x00000006c7200000, 0x0000000741400000, 0x000000076d100000)
  object space 2000896K, 71% used [0x00000006c7200000,0x000000071df7f0e0,0x0000000741400000)
 Metaspace       used 13177K, capacity 13582K, committed 13696K, reserved 1060864K
  class space    used 1484K, capacity 1625K, committed 1664K, reserved 1048576K
}
Event: 26.580 GC heap before
{Heap before GC invocations=31 (full 6):
 PSYoungGen      total 726528K, used 467040K [0x000000076d100000, 0x00000007b4e80000, 0x00000007c0000000)
  eden space 285184K, 100% used [0x000000076d100000,0x000000077e780000,0x000000077e780000)
  from space 441344K, 41% used [0x0000000799f80000,0x00000007a5118000,0x00000007b4e80000)
  to   space 445952K, 0% used [0x000000077e780000,0x000000077e780000,0x0000000799b00000)
 ParOldGen       total 2000896K, used 1422844K [0x00000006c7200000, 0x0000000741400000, 0x000000076d100000)
  object space 2000896K, 71% used [0x00000006c7200000,0x000000071df7f0e0,0x0000000741400000)
 Metaspace       used 13178K, capacity 13582K, committed 13696K, reserved 1060864K
  class space    used 1484K, capacity 1625K, committed 1664K, reserved 1048576K
Event: 26.879 GC heap after
Heap after GC invocations=31 (full 6):
 PSYoungGen      total 731136K, used 382656K [0x000000076d100000, 0x00000007b7180000, 0x00000007c0000000)
  eden space 285184K, 0% used [0x000000076d100000,0x000000076d100000,0x000000077e780000)
  from space 445952K, 85% used [0x000000077e780000,0x0000000795d30000,0x0000000799b00000)
  to   space 452608K, 0% used [0x000000079b780000,0x000000079b780000,0x00000007b7180000)
 ParOldGen       total 2000896K, used 1422844K [0x00000006c7200000, 0x0000000741400000, 0x000000076d100000)
  object space 2000896K, 71% used [0x00000006c7200000,0x000000071df7f0e0,0x0000000741400000)
 Metaspace       used 13178K, capacity 13582K, committed 13696K, reserved 1060864K
  class space    used 1484K, capacity 1625K, committed 1664K, reserved 1048576K
}
Event: 28.229 GC heap before
{Heap before GC invocations=32 (full 6):
 PSYoungGen      total 731136K, used 667840K [0x000000076d100000, 0x00000007b7180000, 0x00000007c0000000)
  eden space 285184K, 100% used [0x000000076d100000,0x000000077e780000,0x000000077e780000)
  from space 445952K, 85% used [0x000000077e780000,0x0000000795d30000,0x0000000799b00000)
  to   space 452608K, 0% used [0x000000079b780000,0x000000079b780000,0x00000007b7180000)
 ParOldGen       total 2000896K, used 1422844K [0x00000006c7200000, 0x0000000741400000, 0x000000076d100000)
  object space 2000896K, 71% used [0x00000006c7200000,0x000000071df7f0e0,0x0000000741400000)
 Metaspace       used 13178K, capacity 13582K, committed 13696K, reserved 1060864K
  class space    used 1484K, capacity 1625K, committed 1664K, reserved 1048576K
Event: 29.825 GC heap after
Heap after GC invocations=32 (full 6):
 PSYoungGen      total 760320K, used 202700K [0x000000076d100000, 0x00000007b7980000, 0x00000007c0000000)
  eden space 307712K, 0% used [0x000000076d100000,0x000000076d100000,0x000000077fd80000)
  from space 452608K, 44% used [0x000000079b780000,0x00000007a7d73010,0x00000007b7180000)
  to   space 452608K, 0% used [0x000000077fd80000,0x000000077fd80000,0x000000079b780000)
 ParOldGen       total 2000896K, used 1806988K [0x00000006c7200000, 0x0000000741400000, 0x000000076d100000)
  object space 2000896K, 90% used [0x00000006c7200000,0x00000007356a30e0,0x0000000741400000)
 Metaspace       used 13178K, capacity 13582K, committed 13696K, reserved 1060864K
  class space    used 1484K, capacity 1625K, committed 1664K, reserved 1048576K
}
Event: 29.826 GC heap before
{Heap before GC invocations=33 (full 7):
 PSYoungGen      total 760320K, used 202700K [0x000000076d100000, 0x00000007b7980000, 0x00000007c0000000)
  eden space 307712K, 0% used [0x000000076d100000,0x000000076d100000,0x000000077fd80000)
  from space 452608K, 44% used [0x000000079b780000,0x00000007a7d73010,0x00000007b7180000)
  to   space 452608K, 0% used [0x000000077fd80000,0x000000077fd80000,0x000000079b780000)
 ParOldGen       total 2000896K, used 1806988K [0x00000006c7200000, 0x0000000741400000, 0x000000076d100000)
  object space 2000896K, 90% used [0x00000006c7200000,0x00000007356a30e0,0x0000000741400000)
 Metaspace       used 13178K, capacity 13582K, committed 13696K, reserved 1060864K
  class space    used 1484K, capacity 1625K, committed 1664K, reserved 1048576K

