# JRE version: Java(TM) SE Runtime Environment (8.0_191-b12) (build 1.8.0_191-b12)
# Java VM: Java HotSpot(TM) 64-Bit Server VM (25.191-b12 mixed mode linux-amd64 compressed oops)
Heap:
 PSYoungGen      total 623104K, used 377321K [0x000000076d100000, 0x00000007ad180000, 0x00000007c0000000)
  eden space 245760K, 0% used [0x000000076d100000,0x000000076d100000,0x000000077c100000)
  from space 377344K, 99% used [0x0000000796100000,0x00000007ad17a798,0x00000007ad180000)
  to   space 312832K, 0% used [0x000000077c100000,0x000000077c100000,0x000000078f280000)
 ParOldGen       total 855040K, used 851729K [0x00000006c7200000, 0x00000006fb500000, 0x000000076d100000)
  object space 855040K, 99% used [0x00000006c7200000,0x00000006fb1c4700,0x00000006fb500000)
 Metaspace       used 13052K, capacity 13358K, committed 13440K, reserved 1060864K
  class space    used 1476K, capacity 1593K, committed 1664K, reserved 1048576K
GC Heap History (10 events):
Event: 6.938 GC heap after
Heap after GC invocations=10 (full 3):
 PSYoungGen      total 311296K, used 20424K [0x000000076d100000, 0x0000000797380000, 0x00000007c0000000)
  eden space 166912K, 0% used [0x000000076d100000,0x000000076d100000,0x0000000777400000)
  from space 144384K, 14% used [0x0000000777400000,0x00000007787f2060,0x0000000780100000)
  to   space 231936K, 0% used [0x0000000789100000,0x0000000789100000,0x0000000797380000)
 ParOldGen       total 855040K, used 531369K [0x00000006c7200000, 0x00000006fb500000, 0x000000076d100000)
  object space 855040K, 62% used [0x00000006c7200000,0x00000006e78ea700,0x00000006fb500000)
 Metaspace       used 13035K, capacity 13358K, committed 13440K, reserved 1060864K
  class space    used 1476K, capacity 1593K, committed 1664K, reserved 1048576K
}
Event: 7.958 GC heap before
{Heap before GC invocations=11 (full 3):
 PSYoungGen      total 311296K, used 187336K [0x000000076d100000, 0x0000000797380000, 0x00000007c0000000)
  eden space 166912K, 100% used [0x000000076d100000,0x0000000777400000,0x0000000777400000)
  from space 144384K, 14% used [0x0000000777400000,0x00000007787f2060,0x0000000780100000)
  to   space 231936K, 0% used [0x0000000789100000,0x0000000789100000,0x0000000797380000)
 ParOldGen       total 855040K, used 531369K [0x00000006c7200000, 0x00000006fb500000, 0x000000076d100000)
  object space 855040K, 62% used [0x00000006c7200000,0x00000006e78ea700,0x00000006fb500000)
 Metaspace       used 13043K, capacity 13358K, committed 13440K, reserved 1060864K
  class space    used 1476K, capacity 1593K, committed 1664K, reserved 1048576K
Event: 8.075 GC heap after
Heap after GC invocations=11 (full 3):
 PSYoungGen      total 442368K, used 167669K [0x000000076d100000, 0x0000000797e80000, 0x00000007c0000000)
  eden space 210432K, 0% used [0x000000076d100000,0x000000076d100000,0x0000000779e80000)
  from space 231936K, 72% used [0x0000000789100000,0x00000007934bd7a0,0x0000000797380000)
  to   space 245760K, 0% used [0x0000000779e80000,0x0000000779e80000,0x0000000788e80000)
 ParOldGen       total 855040K, used 531369K [0x00000006c7200000, 0x00000006fb500000, 0x000000076d100000)
  object space 855040K, 62% used [0x00000006c7200000,0x00000006e78ea700,0x00000006fb500000)
 Metaspace       used 13043K, capacity 13358K, committed 13440K, reserved 1060864K
  class space    used 1476K, capacity 1593K, committed 1664K, reserved 1048576K
}
Event: 8.218 GC heap before
{Heap before GC invocations=12 (full 3):
 PSYoungGen      total 442368K, used 378101K [0x000000076d100000, 0x0000000797e80000, 0x00000007c0000000)
  eden space 210432K, 100% used [0x000000076d100000,0x0000000779e80000,0x0000000779e80000)
  from space 231936K, 72% used [0x0000000789100000,0x00000007934bd7a0,0x0000000797380000)
  to   space 245760K, 0% used [0x0000000779e80000,0x0000000779e80000,0x0000000788e80000)
 ParOldGen       total 855040K, used 531369K [0x00000006c7200000, 0x00000006fb500000, 0x000000076d100000)
  object space 855040K, 62% used [0x00000006c7200000,0x00000006e78ea700,0x00000006fb500000)
 Metaspace       used 13043K, capacity 13358K, committed 13440K, reserved 1060864K
  class space    used 1476K, capacity 1593K, committed 1664K, reserved 1048576K
Event: 8.356 GC heap after
Heap after GC invocations=12 (full 3):
 PSYoungGen      total 456192K, used 245745K [0x000000076d100000, 0x00000007a4e80000, 0x00000007c0000000)
  eden space 210432K, 0% used [0x000000076d100000,0x000000076d100000,0x0000000779e80000)
  from space 245760K, 99% used [0x0000000779e80000,0x0000000788e7c518,0x0000000788e80000)
  to   space 331776K, 0% used [0x0000000790a80000,0x0000000790a80000,0x00000007a4e80000)
 ParOldGen       total 855040K, used 644713K [0x00000006c7200000, 0x00000006fb500000, 0x000000076d100000)
  object space 855040K, 75% used [0x00000006c7200000,0x00000006ee79a700,0x00000006fb500000)
 Metaspace       used 13043K, capacity 13358K, committed 13440K, reserved 1060864K
  class space    used 1476K, capacity 1593K, committed 1664K, reserved 1048576K
}
Event: 9.267 GC heap before
{Heap before GC invocations=13 (full 3):
 PSYoungGen      total 456192K, used 456177K [0x000000076d100000, 0x00000007a4e80000, 0x00000007c0000000)
  eden space 210432K, 100% used [0x000000076d100000,0x0000000779e80000,0x0000000779e80000)
  from space 245760K, 99% used [0x0000000779e80000,0x0000000788e7c518,0x0000000788e80000)
  to   space 331776K, 0% used [0x0000000790a80000,0x0000000790a80000,0x00000007a4e80000)
 ParOldGen       total 855040K, used 644713K [0x00000006c7200000, 0x00000006fb500000, 0x000000076d100000)
  object space 855040K, 75% used [0x00000006c7200000,0x00000006ee79a700,0x00000006fb500000)
 Metaspace       used 13052K, capacity 13358K, committed 13440K, reserved 1060864K
  class space    used 1476K, capacity 1593K, committed 1664K, reserved 1048576K
Event: 9.333 GC heap after
Heap after GC invocations=13 (full 3):
 PSYoungGen      total 534016K, used 133913K [0x000000076d100000, 0x00000007a2400000, 0x00000007c0000000)
  eden space 245760K, 0% used [0x000000076d100000,0x000000076d100000,0x000000077c100000)
  from space 288256K, 46% used [0x0000000790a80000,0x0000000798d46520,0x00000007a2400000)
  to   space 312832K, 0% used [0x000000077c100000,0x000000077c100000,0x000000078f280000)
 ParOldGen       total 855040K, used 644713K [0x00000006c7200000, 0x00000006fb500000, 0x000000076d100000)
  object space 855040K, 75% used [0x00000006c7200000,0x00000006ee79a700,0x00000006fb500000)
 Metaspace       used 13052K, capacity 13358K, committed 13440K, reserved 1060864K
  class space    used 1476K, capacity 1593K, committed 1664K, reserved 1048576K
}
Event: 9.493 GC heap before
{Heap before GC invocations=14 (full 3):
 PSYoungGen      total 534016K, used 379673K [0x000000076d100000, 0x00000007a2400000, 0x00000007c0000000)
  eden space 245760K, 100% used [0x000000076d100000,0x000000077c100000,0x000000077c100000)
  from space 288256K, 46% used [0x0000000790a80000,0x0000000798d46520,0x00000007a2400000)
  to   space 312832K, 0% used [0x000000077c100000,0x000000077c100000,0x000000078f280000)
 ParOldGen       total 855040K, used 644713K [0x00000006c7200000, 0x00000006fb500000, 0x000000076d100000)
  object space 855040K, 75% used [0x00000006c7200000,0x00000006ee79a700,0x00000006fb500000)
 Metaspace       used 13052K, capacity 13358K, committed 13440K, reserved 1060864K
  class space    used 1476K, capacity 1593K, committed 1664K, reserved 1048576K
Event: 9.633 GC heap after
Heap after GC invocations=14 (full 3):
 PSYoungGen      total 558592K, used 312817K [0x000000076d100000, 0x00000007ad180000, 0x00000007c0000000)
  eden space 245760K, 0% used [0x000000076d100000,0x000000076d100000,0x000000077c100000)
  from space 312832K, 99% used [0x000000077c100000,0x000000078f27c518,0x000000078f280000)
  to   space 377344K, 0% used [0x0000000796100000,0x0000000796100000,0x00000007ad180000)
 ParOldGen       total 855040K, used 690561K [0x00000006c7200000, 0x00000006fb500000, 0x000000076d100000)
  object space 855040K, 80% used [0x00000006c7200000,0x00000006f1460700,0x00000006fb500000)
 Metaspace       used 13052K, capacity 13358K, committed 13440K, reserved 1060864K
  class space    used 1476K, capacity 1593K, committed 1664K, reserved 1048576K
}
Event: 9.778 GC heap before
{Heap before GC invocations=15 (full 3):
 PSYoungGen      total 558592K, used 558577K [0x000000076d100000, 0x00000007ad180000, 0x00000007c0000000)
  eden space 245760K, 100% used [0x000000076d100000,0x000000077c100000,0x000000077c100000)
  from space 312832K, 99% used [0x000000077c100000,0x000000078f27c518,0x000000078f280000)
  to   space 377344K, 0% used [0x0000000796100000,0x0000000796100000,0x00000007ad180000)
 ParOldGen       total 855040K, used 690561K [0x00000006c7200000, 0x00000006fb500000, 0x000000076d100000)
  object space 855040K, 80% used [0x00000006c7200000,0x00000006f1460700,0x00000006fb500000)
 Metaspace       used 13052K, capacity 13358K, committed 13440K, reserved 1060864K
  class space    used 1476K, capacity 1593K, committed 1664K, reserved 1048576K

