# JRE version: Java(TM) SE Runtime Environment (8.0_191-b12) (build 1.8.0_191-b12)
# Java VM: Java HotSpot(TM) 64-Bit Server VM (25.191-b12 mixed mode linux-amd64 compressed oops)
Heap:
 PSYoungGen      total 772608K, used 446857K [0x000000076d100000, 0x00000007b8200000, 0x00000007c0000000)
  eden space 320000K, 0% used [0x000000076d100000,0x000000076d100000,0x0000000780980000)
  from space 452608K, 98% used [0x000000079c800000,0x00000007b7c62658,0x00000007b8200000)
  to   space 452608K, 0% used [0x0000000780e00000,0x0000000780e00000,0x000000079c800000)
 ParOldGen       total 970240K, used 970159K [0x00000006c7200000, 0x0000000702580000, 0x000000076d100000)
  object space 970240K, 99% used [0x00000006c7200000,0x000000070256bc10,0x0000000702580000)
 Metaspace       used 13160K, capacity 13582K, committed 13696K, reserved 1060864K
  class space    used 1484K, capacity 1625K, committed 1664K, reserved 1048576K
GC Heap History (10 events):
Event: 12.103 GC heap after
Heap after GC invocations=16 (full 4):
 PSYoungGen      total 592384K, used 0K [0x000000076d100000, 0x00000007b6a80000, 0x00000007c0000000)
  eden space 215552K, 0% used [0x000000076d100000,0x000000076d100000,0x000000077a380000)
  from space 376832K, 0% used [0x0000000795d80000,0x0000000795d80000,0x00000007acd80000)
  to   space 452608K, 0% used [0x000000077a380000,0x000000077a380000,0x0000000795d80000)
 ParOldGen       total 965632K, used 547101K [0x00000006c7200000, 0x0000000702100000, 0x000000076d100000)
  object space 965632K, 56% used [0x00000006c7200000,0x00000006e8847740,0x0000000702100000)
 Metaspace       used 13071K, capacity 13422K, committed 13696K, reserved 1060864K
  class space    used 1476K, capacity 1593K, committed 1664K, reserved 1048576K
}
Event: 12.295 GC heap before
{Heap before GC invocations=17 (full 4):
 PSYoungGen      total 592384K, used 215552K [0x000000076d100000, 0x00000007b6a80000, 0x00000007c0000000)
  eden space 215552K, 100% used [0x000000076d100000,0x000000077a380000,0x000000077a380000)
  from space 376832K, 0% used [0x0000000795d80000,0x0000000795d80000,0x00000007acd80000)
  to   space 452608K, 0% used [0x000000077a380000,0x000000077a380000,0x0000000795d80000)
 ParOldGen       total 965632K, used 547101K [0x00000006c7200000, 0x0000000702100000, 0x000000076d100000)
  object space 965632K, 56% used [0x00000006c7200000,0x00000006e8847740,0x0000000702100000)
 Metaspace       used 13075K, capacity 13486K, committed 13696K, reserved 1060864K
  class space    used 1476K, capacity 1593K, committed 1664K, reserved 1048576K
Event: 12.368 GC heap after
Heap after GC invocations=17 (full 4):
 PSYoungGen      total 668160K, used 197438K [0x000000076d100000, 0x00000007b4480000, 0x00000007c0000000)
  eden space 215552K, 0% used [0x000000076d100000,0x000000076d100000,0x000000077a380000)
  from space 452608K, 43% used [0x000000077a380000,0x000000078644fb58,0x0000000795d80000)
  to   space 452608K, 0% used [0x0000000798a80000,0x0000000798a80000,0x00000007b4480000)
 ParOldGen       total 965632K, used 547109K [0x00000006c7200000, 0x0000000702100000, 0x000000076d100000)
  object space 965632K, 56% used [0x00000006c7200000,0x00000006e8849740,0x0000000702100000)
 Metaspace       used 13075K, capacity 13486K, committed 13696K, reserved 1060864K
  class space    used 1476K, capacity 1593K, committed 1664K, reserved 1048576K
}
Event: 12.644 GC heap before
{Heap before GC invocations=18 (full 4):
 PSYoungGen      total 668160K, used 412990K [0x000000076d100000, 0x00000007b4480000, 0x00000007c0000000)
  eden space 215552K, 100% used [0x000000076d100000,0x000000077a380000,0x000000077a380000)
  from space 452608K, 43% used [0x000000077a380000,0x000000078644fb58,0x0000000795d80000)
  to   space 452608K, 0% used [0x0000000798a80000,0x0000000798a80000,0x00000007b4480000)
 ParOldGen       total 965632K, used 547109K [0x00000006c7200000, 0x0000000702100000, 0x000000076d100000)
  object space 965632K, 56% used [0x00000006c7200000,0x00000006e8849740,0x0000000702100000)
 Metaspace       used 13160K, capacity 13582K, committed 13696K, reserved 1060864K
  class space    used 1484K, capacity 1625K, committed 1664K, reserved 1048576K
Event: 12.869 GC heap after
Heap after GC invocations=18 (full 4):
 PSYoungGen      total 714240K, used 393502K [0x000000076d100000, 0x00000007b4800000, 0x00000007c0000000)
  eden space 261632K, 0% used [0x000000076d100000,0x000000076d100000,0x000000077d080000)
  from space 452608K, 86% used [0x0000000798a80000,0x00000007b0ac78f8,0x00000007b4480000)
  to   space 452608K, 0% used [0x000000077d080000,0x000000077d080000,0x0000000798a80000)
 ParOldGen       total 965632K, used 547117K [0x00000006c7200000, 0x0000000702100000, 0x000000076d100000)
  object space 965632K, 56% used [0x00000006c7200000,0x00000006e884b740,0x0000000702100000)
 Metaspace       used 13160K, capacity 13582K, committed 13696K, reserved 1060864K
  class space    used 1484K, capacity 1625K, committed 1664K, reserved 1048576K
}
Event: 13.334 GC heap before
{Heap before GC invocations=19 (full 4):
 PSYoungGen      total 714240K, used 655134K [0x000000076d100000, 0x00000007b4800000, 0x00000007c0000000)
  eden space 261632K, 100% used [0x000000076d100000,0x000000077d080000,0x000000077d080000)
  from space 452608K, 86% used [0x0000000798a80000,0x00000007b0ac78f8,0x00000007b4480000)
  to   space 452608K, 0% used [0x000000077d080000,0x000000077d080000,0x0000000798a80000)
 ParOldGen       total 965632K, used 547117K [0x00000006c7200000, 0x0000000702100000, 0x000000076d100000)
  object space 965632K, 56% used [0x00000006c7200000,0x00000006e884b740,0x0000000702100000)
 Metaspace       used 13160K, capacity 13582K, committed 13696K, reserved 1060864K
  class space    used 1484K, capacity 1625K, committed 1664K, reserved 1048576K
Event: 13.715 GC heap after
Heap after GC invocations=19 (full 4):
 PSYoungGen      total 714240K, used 452606K [0x000000076d100000, 0x00000007b8200000, 0x00000007c0000000)
  eden space 261632K, 0% used [0x000000076d100000,0x000000076d100000,0x000000077d080000)
  from space 452608K, 99% used [0x000000077d080000,0x0000000798a7f8f8,0x0000000798a80000)
  to   space 452608K, 0% used [0x000000079c800000,0x000000079c800000,0x00000007b8200000)
 ParOldGen       total 965632K, used 728909K [0x00000006c7200000, 0x0000000702100000, 0x000000076d100000)
  object space 965632K, 75% used [0x00000006c7200000,0x00000006f39d3740,0x0000000702100000)
 Metaspace       used 13160K, capacity 13582K, committed 13696K, reserved 1060864K
  class space    used 1484K, capacity 1625K, committed 1664K, reserved 1048576K
}
Event: 15.525 GC heap before
{Heap before GC invocations=20 (full 4):
 PSYoungGen      total 714240K, used 714238K [0x000000076d100000, 0x00000007b8200000, 0x00000007c0000000)
  eden space 261632K, 100% used [0x000000076d100000,0x000000077d080000,0x000000077d080000)
  from space 452608K, 99% used [0x000000077d080000,0x0000000798a7f8f8,0x0000000798a80000)
  to   space 452608K, 0% used [0x000000079c800000,0x000000079c800000,0x00000007b8200000)
 ParOldGen       total 965632K, used 728909K [0x00000006c7200000, 0x0000000702100000, 0x000000076d100000)
  object space 965632K, 75% used [0x00000006c7200000,0x00000006f39d3740,0x0000000702100000)
 Metaspace       used 13160K, capacity 13582K, committed 13696K, reserved 1060864K
  class space    used 1484K, capacity 1625K, committed 1664K, reserved 1048576K
Event: 15.956 GC heap after
Heap after GC invocations=20 (full 4):
 PSYoungGen      total 772608K, used 452605K [0x000000076d100000, 0x00000007b8200000, 0x00000007c0000000)
  eden space 320000K, 0% used [0x000000076d100000,0x000000076d100000,0x0000000780980000)
  from space 452608K, 99% used [0x000000079c800000,0x00000007b81ff568,0x00000007b8200000)
  to   space 452608K, 0% used [0x0000000780e00000,0x0000000780e00000,0x000000079c800000)
 ParOldGen       total 970240K, used 968309K [0x00000006c7200000, 0x0000000702580000, 0x000000076d100000)
  object space 970240K, 99% used [0x00000006c7200000,0x000000070239d740,0x0000000702580000)
 Metaspace       used 13160K, capacity 13582K, committed 13696K, reserved 1060864K
  class space    used 1484K, capacity 1625K, committed 1664K, reserved 1048576K
}
Event: 15.958 GC heap before
{Heap before GC invocations=21 (full 5):
 PSYoungGen      total 772608K, used 452605K [0x000000076d100000, 0x00000007b8200000, 0x00000007c0000000)
  eden space 320000K, 0% used [0x000000076d100000,0x000000076d100000,0x0000000780980000)
  from space 452608K, 99% used [0x000000079c800000,0x00000007b81ff568,0x00000007b8200000)
  to   space 452608K, 0% used [0x0000000780e00000,0x0000000780e00000,0x000000079c800000)
 ParOldGen       total 970240K, used 968309K [0x00000006c7200000, 0x0000000702580000, 0x000000076d100000)
  object space 970240K, 99% used [0x00000006c7200000,0x000000070239d740,0x0000000702580000)
 Metaspace       used 13160K, capacity 13582K, committed 13696K, reserved 1060864K
  class space    used 1484K, capacity 1625K, committed 1664K, reserved 1048576K

