# JRE version: Java(TM) SE Runtime Environment (8.0_191-b12) (build 1.8.0_191-b12)
# Java VM: Java HotSpot(TM) 64-Bit Server VM (25.191-b12 mixed mode linux-amd64 compressed oops)
Heap:
 PSYoungGen      total 716800K, used 0K [0x000000076d100000, 0x00000007b8780000, 0x00000007c0000000)
  eden space 264192K, 0% used [0x000000076d100000,0x000000076d100000,0x000000077d300000)
  from space 452608K, 0% used [0x000000077d300000,0x000000077d300000,0x0000000798d00000)
  to   space 452608K, 0% used [0x000000079cd80000,0x000000079cd80000,0x00000007b8780000)
 ParOldGen       total 2108416K, used 1913629K [0x00000006c7200000, 0x0000000747d00000, 0x000000076d100000)
  object space 2108416K, 90% used [0x00000006c7200000,0x000000073bec7488,0x0000000747d00000)
 Metaspace       used 13152K, capacity 13518K, committed 13696K, reserved 1060864K
  class space    used 1484K, capacity 1625K, committed 1664K, reserved 1048576K
GC Heap History (10 events):
Event: 11.794 GC heap after
Heap after GC invocations=18 (full 4):
 PSYoungGen      total 716800K, used 399486K [0x000000076d100000, 0x00000007b4b00000, 0x00000007c0000000)
  eden space 264192K, 0% used [0x000000076d100000,0x000000076d100000,0x000000077d300000)
  from space 452608K, 88% used [0x0000000798d00000,0x00000007b131f8f8,0x00000007b4700000)
  to   space 452608K, 0% used [0x000000077d300000,0x000000077d300000,0x0000000798d00000)
 ParOldGen       total 969728K, used 549212K [0x00000006c7200000, 0x0000000702500000, 0x000000076d100000)
  object space 969728K, 56% used [0x00000006c7200000,0x00000006e8a57098,0x0000000702500000)
 Metaspace       used 13149K, capacity 13518K, committed 13696K, reserved 1060864K
  class space    used 1484K, capacity 1625K, committed 1664K, reserved 1048576K
}
Event: 11.942 GC heap before
{Heap before GC invocations=19 (full 4):
 PSYoungGen      total 716800K, used 663678K [0x000000076d100000, 0x00000007b4b00000, 0x00000007c0000000)
  eden space 264192K, 100% used [0x000000076d100000,0x000000077d300000,0x000000077d300000)
  from space 452608K, 88% used [0x0000000798d00000,0x00000007b131f8f8,0x00000007b4700000)
  to   space 452608K, 0% used [0x000000077d300000,0x000000077d300000,0x0000000798d00000)
 ParOldGen       total 969728K, used 549212K [0x00000006c7200000, 0x0000000702500000, 0x000000076d100000)
  object space 969728K, 56% used [0x00000006c7200000,0x00000006e8a57098,0x0000000702500000)
 Metaspace       used 13149K, capacity 13518K, committed 13696K, reserved 1060864K
  class space    used 1484K, capacity 1625K, committed 1664K, reserved 1048576K
Event: 12.123 GC heap after
Heap after GC invocations=19 (full 4):
 PSYoungGen      total 716800K, used 452606K [0x000000076d100000, 0x00000007b8780000, 0x00000007c0000000)
  eden space 264192K, 0% used [0x000000076d100000,0x000000076d100000,0x000000077d300000)
  from space 452608K, 99% used [0x000000077d300000,0x0000000798cff8f8,0x0000000798d00000)
  to   space 452608K, 0% used [0x000000079cd80000,0x000000079cd80000,0x00000007b8780000)
 ParOldGen       total 969728K, used 739372K [0x00000006c7200000, 0x0000000702500000, 0x000000076d100000)
  object space 969728K, 76% used [0x00000006c7200000,0x00000006f440b098,0x0000000702500000)
 Metaspace       used 13149K, capacity 13518K, committed 13696K, reserved 1060864K
  class space    used 1484K, capacity 1625K, committed 1664K, reserved 1048576K
}
Event: 12.273 GC heap before
{Heap before GC invocations=20 (full 4):
 PSYoungGen      total 716800K, used 716798K [0x000000076d100000, 0x00000007b8780000, 0x00000007c0000000)
  eden space 264192K, 100% used [0x000000076d100000,0x000000077d300000,0x000000077d300000)
  from space 452608K, 99% used [0x000000077d300000,0x0000000798cff8f8,0x0000000798d00000)
  to   space 452608K, 0% used [0x000000079cd80000,0x000000079cd80000,0x00000007b8780000)
 ParOldGen       total 969728K, used 739372K [0x00000006c7200000, 0x0000000702500000, 0x000000076d100000)
  object space 969728K, 76% used [0x00000006c7200000,0x00000006f440b098,0x0000000702500000)
 Metaspace       used 13149K, capacity 13518K, committed 13696K, reserved 1060864K
  class space    used 1484K, capacity 1625K, committed 1664K, reserved 1048576K
Event: 12.699 GC heap after
Heap after GC invocations=20 (full 4):
 PSYoungGen      total 716800K, used 716798K [0x000000076d100000, 0x00000007b8780000, 0x00000007c0000000)
  eden space 264192K, 100% used [0x000000076d100000,0x000000077d300000,0x000000077d300000)
  from space 452608K, 99% used [0x000000077d300000,0x0000000798cff8f8,0x0000000798d00000)
  to   space 452608K, 99% used [0x000000079cd80000,0x00000007b877f568,0x00000007b8780000)
 ParOldGen       total 983552K, used 981060K [0x00000006c7200000, 0x0000000703280000, 0x000000076d100000)
  object space 983552K, 99% used [0x00000006c7200000,0x0000000703011098,0x0000000703280000)
 Metaspace       used 13149K, capacity 13518K, committed 13696K, reserved 1060864K
  class space    used 1484K, capacity 1625K, committed 1664K, reserved 1048576K
}
Event: 12.699 GC heap before
{Heap before GC invocations=21 (full 5):
 PSYoungGen      total 716800K, used 716798K [0x000000076d100000, 0x00000007b8780000, 0x00000007c0000000)
  eden space 264192K, 100% used [0x000000076d100000,0x000000077d300000,0x000000077d300000)
  from space 452608K, 99% used [0x000000077d300000,0x0000000798cff8f8,0x0000000798d00000)
  to   space 452608K, 99% used [0x000000079cd80000,0x00000007b877f568,0x00000007b8780000)
 ParOldGen       total 983552K, used 981060K [0x00000006c7200000, 0x0000000703280000, 0x000000076d100000)
  object space 983552K, 99% used [0x00000006c7200000,0x0000000703011098,0x0000000703280000)
 Metaspace       used 13149K, capacity 13518K, committed 13696K, reserved 1060864K
  class space    used 1484K, capacity 1625K, committed 1664K, reserved 1048576K
Event: 16.998 GC heap after
Heap after GC invocations=21 (full 5):
 PSYoungGen      total 716800K, used 0K [0x000000076d100000, 0x00000007b8780000, 0x00000007c0000000)
  eden space 264192K, 0% used [0x000000076d100000,0x000000076d100000,0x000000077d300000)
  from space 452608K, 0% used [0x000000077d300000,0x000000077d300000,0x0000000798d00000)
  to   space 452608K, 98% used [0x000000079cd80000,0x00000007b816b828,0x00000007b8780000)
 ParOldGen       total 1503232K, used 983427K [0x00000006c7200000, 0x0000000722e00000, 0x000000076d100000)
  object space 1503232K, 65% used [0x00000006c7200000,0x0000000703260dc8,0x0000000722e00000)
 Metaspace       used 13149K, capacity 13518K, committed 13696K, reserved 1060864K
  class space    used 1484K, capacity 1625K, committed 1664K, reserved 1048576K
}
Event: 17.155 GC heap before
{Heap before GC invocations=22 (full 6):
 PSYoungGen      total 716800K, used 264192K [0x000000076d100000, 0x00000007b8780000, 0x00000007c0000000)
  eden space 264192K, 100% used [0x000000076d100000,0x000000077d300000,0x000000077d300000)
  from space 452608K, 0% used [0x000000077d300000,0x000000077d300000,0x0000000798d00000)
  to   space 452608K, 98% used [0x000000079cd80000,0x00000007b816b828,0x00000007b8780000)
 ParOldGen       total 1503232K, used 983427K [0x00000006c7200000, 0x0000000722e00000, 0x000000076d100000)
  object space 1503232K, 65% used [0x00000006c7200000,0x0000000703260dc8,0x0000000722e00000)
 Metaspace       used 13152K, capacity 13518K, committed 13696K, reserved 1060864K
  class space    used 1484K, capacity 1625K, committed 1664K, reserved 1048576K
Event: 19.686 GC heap after
Heap after GC invocations=22 (full 6):
 PSYoungGen      total 716800K, used 0K [0x000000076d100000, 0x00000007b8780000, 0x00000007c0000000)
  eden space 264192K, 0% used [0x000000076d100000,0x000000076d100000,0x000000077d300000)
  from space 452608K, 0% used [0x000000077d300000,0x000000077d300000,0x0000000798d00000)
  to   space 452608K, 37% used [0x000000079cd80000,0x00000007a71eb760,0x00000007b8780000)
 ParOldGen       total 2108416K, used 1503086K [0x00000006c7200000, 0x0000000747d00000, 0x000000076d100000)
  object space 2108416K, 71% used [0x00000006c7200000,0x0000000722ddba78,0x0000000747d00000)
 Metaspace       used 13152K, capacity 13518K, committed 13696K, reserved 1060864K
  class space    used 1484K, capacity 1625K, committed 1664K, reserved 1048576K
}
Event: 19.836 GC heap before
{Heap before GC invocations=23 (full 7):
 PSYoungGen      total 716800K, used 264192K [0x000000076d100000, 0x00000007b8780000, 0x00000007c0000000)
  eden space 264192K, 100% used [0x000000076d100000,0x000000077d300000,0x000000077d300000)
  from space 452608K, 0% used [0x000000077d300000,0x000000077d300000,0x0000000798d00000)
  to   space 452608K, 37% used [0x000000079cd80000,0x00000007a71eb760,0x00000007b8780000)
 ParOldGen       total 2108416K, used 1503086K [0x00000006c7200000, 0x0000000747d00000, 0x000000076d100000)
  object space 2108416K, 71% used [0x00000006c7200000,0x0000000722ddba78,0x0000000747d00000)
 Metaspace       used 13152K, capacity 13518K, committed 13696K, reserved 1060864K
  class space    used 1484K, capacity 1625K, committed 1664K, reserved 1048576K

